<?xml version="1.0" encoding="UTF-8"?>
<!-- Generated by org.testng.reporters.JUnitXMLReporter -->
<testsuite ignored="0" hostname="Prathameshs-MacBook-Air.local" failures="0" tests="3" name="Test" time="27.293" errors="0" timestamp="05 Aug 2024 18:57:20 GMT">
  <testcase classname="Selenium101.Self.testScenario1" name="Verifyform" time="8.106"/>
  <testcase classname="Selenium101.Self.testScenario2" name="Verifyform" time="8.776"/>
  <testcase classname="Selenium101.Self.testScenario3" name="formFilling" time="10.382"/>
</testsuite> <!-- Test -->
