<?xml version="1.0" encoding="UTF-8"?>
<testng-results ignored="0" total="3" passed="3" failed="0" skipped="0">
  <reporter-output>
  </reporter-output>
  <suite started-at="2024-08-05T18:56:53Z" name="Suite" finished-at="2024-08-05T18:57:20Z" duration-ms="27293">
    <groups>
    </groups>
    <test started-at="2024-08-05T18:56:53Z" name="Test" finished-at="2024-08-05T18:57:20Z" duration-ms="27293">
      <class name="Selenium101.Self.testScenario1">
        <test-method signature="Verifyform()[pri:0, instance:Selenium101.Self.testScenario1@576d5deb]" started-at="2024-08-05T18:56:53Z" name="Verifyform" finished-at="2024-08-05T18:57:01Z" duration-ms="8106" status="PASS">
          <reporter-output>
          </reporter-output>
        </test-method> <!-- Verifyform -->
      </class> <!-- Selenium101.Self.testScenario1 -->
      <class name="Selenium101.Self.testScenario2">
        <test-method signature="Verifyform()[pri:0, instance:Selenium101.Self.testScenario2@4d5650ae]" started-at="2024-08-05T18:57:01Z" name="Verifyform" finished-at="2024-08-05T18:57:10Z" duration-ms="8776" status="PASS">
          <reporter-output>
          </reporter-output>
        </test-method> <!-- Verifyform -->
      </class> <!-- Selenium101.Self.testScenario2 -->
      <class name="Selenium101.Self.testScenario3">
        <test-method signature="formFilling()[pri:0, instance:Selenium101.Self.testScenario3@a38c7fe]" started-at="2024-08-05T18:57:10Z" name="formFilling" finished-at="2024-08-05T18:57:20Z" duration-ms="10382" status="PASS">
          <reporter-output>
          </reporter-output>
        </test-method> <!-- formFilling -->
      </class> <!-- Selenium101.Self.testScenario3 -->
    </test> <!-- Test -->
  </suite> <!-- Suite -->
</testng-results>
